GAS LISTING /tmp/cc98O6nW.s 			page 1


   1              		.file	"syscall_c.cpp"
   2              		.option pic
   3              		.option norelax
   4              		.text
   5              	.Ltext0:
   6              		.align	2
   7              		.globl	_Z9mem_allocm
   9              	_Z9mem_allocm:
  10              	.LFB0:
  11              		.file 1 "src/syscall_c.cpp"
   1:src/syscall_c.cpp **** #include "../h/syscall_c.h"
   2:src/syscall_c.cpp **** 
   3:src/syscall_c.cpp **** //umesto da svaki putpripremas syscall pojedinacnim instrikcijama koje loaduju u a0,a1..
   4:src/syscall_c.cpp **** //napravi funkciju koja to radi
   5:src/syscall_c.cpp **** //takodje, za povratnu vrednost napravi funkciju koja to radi
   6:src/syscall_c.cpp **** 
   7:src/syscall_c.cpp **** void* mem_alloc(size_t size) {
  12              		.loc 1 7 30
  13              		.cfi_startproc
  14              	.LVL0:
  15 0000 130101FF 		addi	sp,sp,-16
  16              		.cfi_def_cfa_offset 16
  17 0004 23348100 		sd	s0,8(sp)
  18              		.cfi_offset 8, -8
  19 0008 13040101 		addi	s0,sp,16
  20              		.cfi_def_cfa 8, 0
   8:src/syscall_c.cpp **** 
   9:src/syscall_c.cpp ****     size = (size + MEM_BLOCK_SIZE - 1) / MEM_BLOCK_SIZE;
  21              		.loc 1 9 5
  22              		.loc 1 9 35 is_stmt 0
  23 000c 1305F503 		addi	a0,a0,63
  24              	.LVL1:
  25              		.loc 1 9 10
  26 0010 13556500 		srli	a0,a0,6
  27              	.LVL2:
  10:src/syscall_c.cpp **** 
  11:src/syscall_c.cpp ****     //priprema argumenata za sistemski poziv
  12:src/syscall_c.cpp ****     __asm__ volatile ("li a0, 0x01");               //0x01 je opCode za mem_alloc
  28              		.loc 1 12 5 is_stmt 1
  29              		.loc 1 12 37 is_stmt 0
  30              	#APP
  31              	# 12 "src/syscall_c.cpp" 1
  13              	    __asm__ volatile ("mv a1, %0" : : "r" (size));
  32              		li a0, 0x01
  33              	# 0 "" 2
  34              		.loc 1 13 5 is_stmt 1
  35              		.loc 1 13 50 is_stmt 0
  36              	# 13 "src/syscall_c.cpp" 1
  14              	    __asm__ volatile ("ecall");
  37              		mv a1, a0
  38              	# 0 "" 2
  39              		.loc 1 14 5 is_stmt 1
  40              		.loc 1 14 31 is_stmt 0
  41              	# 14 "src/syscall_c.cpp" 1
  15              	
  16:src/syscall_c.cpp ****     //kroz a0 vracamo povratnu vrednost ovog sistemskog poziva
  17:src/syscall_c.cpp ****     uint64 retValue;
GAS LISTING /tmp/cc98O6nW.s 			page 2


  42              		ecall
  43              	# 0 "" 2
  44              		.loc 1 17 5 is_stmt 1
  18:src/syscall_c.cpp ****     __asm__ volatile ("mv %0, a0" : "=r" (retValue));
  45              		.loc 1 18 5
  46              		.loc 1 18 53 is_stmt 0
  47              	# 18 "src/syscall_c.cpp" 1
  19              	    return (void*)retValue;
  48              		mv a0, a0
  49              	# 0 "" 2
  50              	.LVL3:
  51              		.loc 1 19 5 is_stmt 1
  20:src/syscall_c.cpp **** 
  21:src/syscall_c.cpp **** }
  52              		.loc 1 21 1 is_stmt 0
  53              	#NO_APP
  54 0024 03348100 		ld	s0,8(sp)
  55              		.cfi_restore 8
  56              		.cfi_def_cfa 2, 16
  57 0028 13010101 		addi	sp,sp,16
  58              		.cfi_def_cfa_offset 0
  59 002c 67800000 		jr	ra
  60              		.cfi_endproc
  61              	.LFE0:
  63              		.align	2
  64              		.globl	_Z8mem_freePv
  66              	_Z8mem_freePv:
  67              	.LFB1:
  22:src/syscall_c.cpp **** 
  23:src/syscall_c.cpp **** int mem_free(void* ptr) {
  68              		.loc 1 23 25 is_stmt 1
  69              		.cfi_startproc
  70              	.LVL4:
  71 0030 130101FF 		addi	sp,sp,-16
  72              		.cfi_def_cfa_offset 16
  73 0034 23348100 		sd	s0,8(sp)
  74              		.cfi_offset 8, -8
  75 0038 13040101 		addi	s0,sp,16
  76              		.cfi_def_cfa 8, 0
  24:src/syscall_c.cpp **** 
  25:src/syscall_c.cpp ****     __asm__ volatile ("li a0, 0x02");               //0x02 je opCode za mem_free
  77              		.loc 1 25 5
  78              		.loc 1 25 37 is_stmt 0
  79              	#APP
  80              	# 25 "src/syscall_c.cpp" 1
  26              	    __asm__ volatile ("mv a1, %0" : : "r" (ptr));   //potencilano mora da se kastuje ptr u uint64
  81              		li a0, 0x02
  82              	# 0 "" 2
  83              		.loc 1 26 5 is_stmt 1
  84              		.loc 1 26 49 is_stmt 0
  85              	# 26 "src/syscall_c.cpp" 1
  27              	    __asm__ volatile ("ecall");
  86              		mv a1, a0
  87              	# 0 "" 2
  88              		.loc 1 27 5 is_stmt 1
  89              		.loc 1 27 31 is_stmt 0
  90              	# 27 "src/syscall_c.cpp" 1
GAS LISTING /tmp/cc98O6nW.s 			page 3


  28              	
  29:src/syscall_c.cpp ****     uint64 retValue;
  91              		ecall
  92              	# 0 "" 2
  93              		.loc 1 29 5 is_stmt 1
  30:src/syscall_c.cpp ****     __asm__ volatile ("mv %0, a0" : "=r" (retValue));
  94              		.loc 1 30 5
  95              		.loc 1 30 53 is_stmt 0
  96              	# 30 "src/syscall_c.cpp" 1
  31              	    return (int)retValue;
  97              		mv a0, a0
  98              	# 0 "" 2
  99              	.LVL5:
 100              		.loc 1 31 5 is_stmt 1
  32:src/syscall_c.cpp **** }...
 101              		.loc 1 32 1 is_stmt 0
 102              	#NO_APP
 103 004c 1B050500 		sext.w	a0,a0
 104              	.LVL6:
 105 0050 03348100 		ld	s0,8(sp)
 106              		.cfi_restore 8
 107              		.cfi_def_cfa 2, 16
 108 0054 13010101 		addi	sp,sp,16
 109              		.cfi_def_cfa_offset 0
 110 0058 67800000 		jr	ra
 111              		.cfi_endproc
 112              	.LFE1:
 114              	.Letext0:
 115              		.file 2 "src/../h/../lib/hw.h"
GAS LISTING /tmp/cc98O6nW.s 			page 4


DEFINED SYMBOLS
                            *ABS*:0000000000000000 syscall_c.cpp
     /tmp/cc98O6nW.s:9      .text:0000000000000000 _Z9mem_allocm
     /tmp/cc98O6nW.s:13     .text:0000000000000000 .L0 
     /tmp/cc98O6nW.s:15     .text:0000000000000000 .L0 
     /tmp/cc98O6nW.s:16     .text:0000000000000004 .L0 
     /tmp/cc98O6nW.s:18     .text:0000000000000008 .L0 
     /tmp/cc98O6nW.s:20     .text:000000000000000c .L0 
     /tmp/cc98O6nW.s:22     .text:000000000000000c .L0 
     /tmp/cc98O6nW.s:23     .text:000000000000000c .L0 
     /tmp/cc98O6nW.s:26     .text:0000000000000010 .L0 
     /tmp/cc98O6nW.s:29     .text:0000000000000014 .L0 
   src/syscall_c.cpp:12     .text:0000000000000014 .L0 
     /tmp/cc98O6nW.s:35     .text:0000000000000018 .L0 
   src/syscall_c.cpp:13     .text:0000000000000018 .L0 
     /tmp/cc98O6nW.s:40     .text:000000000000001c .L0 
   src/syscall_c.cpp:14     .text:000000000000001c .L0 
     /tmp/cc98O6nW.s:45     .text:0000000000000020 .L0 
     /tmp/cc98O6nW.s:46     .text:0000000000000020 .L0 
   src/syscall_c.cpp:18     .text:0000000000000020 .L0 
     /tmp/cc98O6nW.s:52     .text:0000000000000024 .L0 
     /tmp/cc98O6nW.s:54     .text:0000000000000024 .L0 
     /tmp/cc98O6nW.s:55     .text:0000000000000028 .L0 
     /tmp/cc98O6nW.s:56     .text:0000000000000028 .L0 
     /tmp/cc98O6nW.s:58     .text:000000000000002c .L0 
     /tmp/cc98O6nW.s:60     .text:0000000000000030 .L0 
     /tmp/cc98O6nW.s:66     .text:0000000000000030 _Z8mem_freePv
     /tmp/cc98O6nW.s:69     .text:0000000000000030 .L0 
     /tmp/cc98O6nW.s:71     .text:0000000000000030 .L0 
     /tmp/cc98O6nW.s:72     .text:0000000000000034 .L0 
     /tmp/cc98O6nW.s:74     .text:0000000000000038 .L0 
     /tmp/cc98O6nW.s:76     .text:000000000000003c .L0 
     /tmp/cc98O6nW.s:78     .text:000000000000003c .L0 
   src/syscall_c.cpp:25     .text:000000000000003c .L0 
     /tmp/cc98O6nW.s:84     .text:0000000000000040 .L0 
   src/syscall_c.cpp:26     .text:0000000000000040 .L0 
     /tmp/cc98O6nW.s:89     .text:0000000000000044 .L0 
   src/syscall_c.cpp:27     .text:0000000000000044 .L0 
     /tmp/cc98O6nW.s:94     .text:0000000000000048 .L0 
     /tmp/cc98O6nW.s:95     .text:0000000000000048 .L0 
   src/syscall_c.cpp:30     .text:0000000000000048 .L0 
     /tmp/cc98O6nW.s:101    .text:000000000000004c .L0 
     /tmp/cc98O6nW.s:103    .text:000000000000004c .L0 
     /tmp/cc98O6nW.s:106    .text:0000000000000054 .L0 
     /tmp/cc98O6nW.s:107    .text:0000000000000054 .L0 
     /tmp/cc98O6nW.s:109    .text:0000000000000058 .L0 
     /tmp/cc98O6nW.s:111    .text:000000000000005c .L0 
     /tmp/cc98O6nW.s:116    .text:000000000000005c .L0 
     /tmp/cc98O6nW.s:300    .debug_abbrev:0000000000000000 .Ldebug_abbrev0
     /tmp/cc98O6nW.s:669    .debug_str:0000000000000137 .LASF19
     /tmp/cc98O6nW.s:657    .debug_str:00000000000000cd .LASF20
     /tmp/cc98O6nW.s:647    .debug_str:0000000000000076 .LASF21
     /tmp/cc98O6nW.s:5      .text:0000000000000000 .Ltext0
     /tmp/cc98O6nW.s:114    .text:000000000000005c .Letext0
     /tmp/cc98O6nW.s:627    .debug_line:0000000000000000 .Ldebug_line0
     /tmp/cc98O6nW.s:629    .debug_str:0000000000000000 .LASF0
     /tmp/cc98O6nW.s:667    .debug_str:0000000000000124 .LASF1
GAS LISTING /tmp/cc98O6nW.s 			page 5


     /tmp/cc98O6nW.s:653    .debug_str:00000000000000a9 .LASF2
     /tmp/cc98O6nW.s:645    .debug_str:000000000000006f .LASF4
     /tmp/cc98O6nW.s:641    .debug_str:000000000000004a .LASF3
     /tmp/cc98O6nW.s:635    .debug_str:000000000000002a .LASF5
     /tmp/cc98O6nW.s:643    .debug_str:000000000000005c .LASF6
     /tmp/cc98O6nW.s:665    .debug_str:0000000000000111 .LASF7
     /tmp/cc98O6nW.s:675    .debug_str:000000000000020f .LASF8
     /tmp/cc98O6nW.s:631    .debug_str:000000000000000d .LASF9
     /tmp/cc98O6nW.s:633    .debug_str:000000000000001b .LASF10
     /tmp/cc98O6nW.s:671    .debug_str:00000000000001fb .LASF11
     /tmp/cc98O6nW.s:637    .debug_str:0000000000000031 .LASF12
     /tmp/cc98O6nW.s:679    .debug_str:0000000000000229 .LASF13
     /tmp/cc98O6nW.s:651    .debug_str:000000000000009d .LASF14
     /tmp/cc98O6nW.s:661    .debug_str:00000000000000ed .LASF15
     /tmp/cc98O6nW.s:655    .debug_str:00000000000000b7 .LASF16
     /tmp/cc98O6nW.s:649    .debug_str:0000000000000094 .LASF22
     /tmp/cc98O6nW.s:659    .debug_str:00000000000000df .LASF23
     /tmp/cc98O6nW.s:67     .text:0000000000000030 .LFB1
     /tmp/cc98O6nW.s:112    .text:000000000000005c .LFE1
     /tmp/cc98O6nW.s:565    .debug_loc:0000000000000000 .LLST1
     /tmp/cc98O6nW.s:639    .debug_str:0000000000000041 .LASF17
     /tmp/cc98O6nW.s:579    .debug_loc:0000000000000039 .LLST2
     /tmp/cc98O6nW.s:677    .debug_str:000000000000021f .LASF24
     /tmp/cc98O6nW.s:663    .debug_str:0000000000000103 .LASF25
     /tmp/cc98O6nW.s:10     .text:0000000000000000 .LFB0
     /tmp/cc98O6nW.s:61     .text:0000000000000030 .LFE0
     /tmp/cc98O6nW.s:673    .debug_str:000000000000020a .LASF18
     /tmp/cc98O6nW.s:586    .debug_loc:000000000000005c .LLST0
     /tmp/cc98O6nW.s:70     .text:0000000000000030 .LVL4
     /tmp/cc98O6nW.s:99     .text:000000000000004c .LVL5
     /tmp/cc98O6nW.s:104    .text:0000000000000050 .LVL6
     /tmp/cc98O6nW.s:14     .text:0000000000000000 .LVL0
     /tmp/cc98O6nW.s:24     .text:0000000000000010 .LVL1
     /tmp/cc98O6nW.s:27     .text:0000000000000014 .LVL2
     /tmp/cc98O6nW.s:50     .text:0000000000000024 .LVL3
     /tmp/cc98O6nW.s:117    .debug_info:0000000000000000 .Ldebug_info0

NO UNDEFINED SYMBOLS
